Ellipsis: build log
Tue Dec 6 13:40:08 PST 2005
Operating system: Linux-2.6.14.3
============================
Header file infomation:
/home/boo/cig/ellipsis3d/Source_code/chemtrans_global_definitions.h
/home/boo/cig/ellipsis3d/Source_code/tracer_global_definitions.h
/home/boo/cig/ellipsis3d/Source_code/advection_global_variables.h
/home/boo/cig/ellipsis3d/Source_code/convection_global_variables.h
/home/boo/cig/ellipsis3d/Source_code/tracer_global_variables.h
============================
Source file infomation:
/home/boo/cig/ellipsis3d/Source_code/Advection_diffusion.c
/home/boo/cig/ellipsis3d/Source_code/Allocation_of_memory.c
/home/boo/cig/ellipsis3d/Source_code/Averages_and_integrals.c
/home/boo/cig/ellipsis3d/Source_code/Boundary_conditions_enforcement.c
/home/boo/cig/ellipsis3d/Source_code/Boundary_conditions_parsing.c
/home/boo/cig/ellipsis3d/Source_code/Boundary_conditions_shapes.c
/home/boo/cig/ellipsis3d/Source_code/Boundary_conditions_skew.c
/home/boo/cig/ellipsis3d/Source_code/Boundary_conditions_temperature.c
/home/boo/cig/ellipsis3d/Source_code/Boundary_conditions_velocity.c
/home/boo/cig/ellipsis3d/Source_code/Chem_transport.c
/home/boo/cig/ellipsis3d/Source_code/Construct_coefficient_matrices.c
/home/boo/cig/ellipsis3d/Source_code/Construct_mesh_arrays.c
/home/boo/cig/ellipsis3d/Source_code/Element_calculations.c
/home/boo/cig/ellipsis3d/Source_code/Ellipsis3D.c
/home/boo/cig/ellipsis3d/Source_code/Fourier_transforms.c
/home/boo/cig/ellipsis3d/Source_code/Full_multigrid_non_linear.c
/home/boo/cig/ellipsis3d/Source_code/Gauss_seidel.c
/home/boo/cig/ellipsis3d/Source_code/Geometry_axi.c
/home/boo/cig/ellipsis3d/Source_code/Geometry_cartesian.c
/home/boo/cig/ellipsis3d/Source_code/Geometry_spherical.c
/home/boo/cig/ellipsis3d/Source_code/Global_assembly_operations_nodes.c
/home/boo/cig/ellipsis3d/Source_code/Global_assembly_operations_particles.c
/home/boo/cig/ellipsis3d/Source_code/Grain_growth.c
/home/boo/cig/ellipsis3d/Source_code/Initial_conditions.c
/home/boo/cig/ellipsis3d/Source_code/Instructions.c
/home/boo/cig/ellipsis3d/Source_code/Jacobians.c
/home/boo/cig/ellipsis3d/Source_code/Material_properties_matrices.c
/home/boo/cig/ellipsis3d/Source_code/Matrix_operations_dot_prod.c
/home/boo/cig/ellipsis3d/Source_code/Matrix_operations_multipy.c
/home/boo/cig/ellipsis3d/Source_code/MG_matrix_solver.c
/home/boo/cig/ellipsis3d/Source_code/MG_solver_mesh_operations.c
/home/boo/cig/ellipsis3d/Source_code/MG_solver_setup.c
/home/boo/cig/ellipsis3d/Source_code/Nodal_mesh.c
/home/boo/cig/ellipsis3d/Source_code/Output.c
/home/boo/cig/ellipsis3d/Source_code/Pan_problem_misc_functions.c
/home/boo/cig/ellipsis3d/Source_code/Parsing.c
/home/boo/cig/ellipsis3d/Source_code/PPM_output.c
/home/boo/cig/ellipsis3d/Source_code/Process_buoyancy.c
/home/boo/cig/ellipsis3d/Source_code/Process_velocity.c
/home/boo/cig/ellipsis3d/Source_code/Profiling.c
/home/boo/cig/ellipsis3d/Source_code/Shape_functions.c
/home/boo/cig/ellipsis3d/Source_code/Size_does_matter.c
/home/boo/cig/ellipsis3d/Source_code/Time_dependence.c
/home/boo/cig/ellipsis3d/Source_code/Topo_gravity.c
/home/boo/cig/ellipsis3d/Source_code/Tracer_advection.c
/home/boo/cig/ellipsis3d/Source_code/Tracer_build_matrices.c
/home/boo/cig/ellipsis3d/Source_code/Tracer_initialization.c
/home/boo/cig/ellipsis3d/Source_code/Tracer_integration.c
/home/boo/cig/ellipsis3d/Source_code/Tracer_mesh_interactions.c
/home/boo/cig/ellipsis3d/Source_code/Tracer_phase_changes.c
/home/boo/cig/ellipsis3d/Source_code/Tracer_read.c
/home/boo/cig/ellipsis3d/Source_code/Tracer_tracer_interactions.c
/home/boo/cig/ellipsis3d/Source_code/Uzawa_constraint_iteration.c
/home/boo/cig/ellipsis3d/Source_code/Viscosity_structures.c
